\BOOKMARK [1][-]{section.1}{\376\377\000I\000n\000t\000r\000o\000d\000u\000c\000t\000i\000o\000n}{}% 1
\BOOKMARK [1][-]{section.2}{\376\377\000M\000o\000d\000e\000l\000\040\000A\000r\000c\000h\000i\000t\000e\000c\000t\000u\000r\000e}{}% 2
\BOOKMARK [2][-]{subsection.2.1}{\376\377\000O\000v\000e\000r\000v\000i\000e\000w}{section.2}% 3
\BOOKMARK [2][-]{subsection.2.2}{\376\377\000N\000e\000u\000r\000o\000n\000\040\000M\000o\000d\000e\000l\000:\000\040\000T\000w\000o\000-\000C\000o\000m\000p\000a\000r\000t\000m\000e\000n\000t\000\040\000L\000e\000a\000k\000y\000\040\000I\000n\000t\000e\000g\000r\000a\000t\000o\000r}{section.2}% 4
\BOOKMARK [1][-]{section.3}{\376\377\000S\000e\000n\000s\000o\000r\000y\000\040\000P\000r\000o\000c\000e\000s\000s\000i\000n\000g}{}% 5
\BOOKMARK [2][-]{subsection.3.1}{\376\377\000B\000i\000n\000o\000c\000u\000l\000a\000r\000\040\000R\000e\000t\000i\000n\000a\000l\000\040\000S\000a\000m\000p\000l\000i\000n\000g\000\040\000\050\000S\000t\000e\000p\000\040\0001\000\051}{section.3}% 6
\BOOKMARK [2][-]{subsection.3.2}{\376\377\000T\000e\000c\000t\000a\000l\000\040\000T\000o\000p\000o\000g\000r\000a\000p\000h\000y}{section.3}% 7
\BOOKMARK [2][-]{subsection.3.3}{\376\377\000L\000a\000t\000e\000r\000a\000l\000\040\000I\000n\000h\000i\000b\000i\000t\000i\000o\000n}{section.3}% 8
\BOOKMARK [2][-]{subsection.3.4}{\376\377\000R\000e\000t\000i\000n\000a\000l\000\040\000T\000u\000r\000n\000\040\000S\000i\000g\000n\000a\000l}{section.3}% 9
\BOOKMARK [1][-]{section.4}{\376\377\000P\000r\000e\000d\000i\000c\000t\000i\000v\000e\000\040\000C\000o\000d\000i\000n\000g\000\040\000a\000n\000d\000\040\000P\000r\000e\000c\000i\000s\000i\000o\000n\000\040\000\050\000S\000t\000e\000p\000\040\0002\000\051}{}% 10
\BOOKMARK [2][-]{subsection.4.1}{\376\377\000F\000r\000e\000e\000\040\000E\000n\000e\000r\000g\000y\000\040\000a\000n\000d\000\040\000S\000u\000r\000p\000r\000i\000s\000e}{section.4}% 11
\BOOKMARK [2][-]{subsection.4.2}{\376\377\000P\000r\000e\000c\000i\000s\000i\000o\000n\000\040\000a\000s\000\040\000E\000m\000p\000i\000r\000i\000c\000a\000l\000\040\000B\000a\000y\000e\000s}{section.4}% 12
\BOOKMARK [1][-]{section.5}{\376\377\000N\000e\000u\000r\000o\000m\000o\000d\000u\000l\000a\000t\000i\000o\000n}{}% 13
\BOOKMARK [2][-]{subsection.5.1}{\376\377\000D\000o\000p\000a\000m\000i\000n\000e\000\040\000S\000y\000s\000t\000e\000m\000\040\000\050\000S\000t\000e\000p\000\040\0003\000\051}{section.5}% 14
\BOOKMARK [2][-]{subsection.5.2}{\376\377\000C\000r\000o\000s\000s\000-\000M\000o\000d\000a\000l\000\040\000S\000a\000l\000i\000e\000n\000c\000e\000\040\040\024\000\040\000T\000h\000a\000l\000a\000m\000u\000s\000\040\000\050\000S\000t\000e\000p\000\040\0006\000\051}{section.5}% 15
\BOOKMARK [1][-]{section.6}{\376\377\000M\000o\000t\000o\000r\000\040\000C\000o\000n\000t\000r\000o\000l}{}% 16
\BOOKMARK [2][-]{subsection.6.1}{\376\377\000B\000a\000s\000a\000l\000\040\000G\000a\000n\000g\000l\000i\000a\000\040\000G\000a\000t\000i\000n\000g\000\040\000\050\000S\000t\000e\000p\000\040\0004\000\051}{section.6}% 17
\BOOKMARK [2][-]{subsection.6.2}{\376\377\000O\000p\000t\000i\000c\000\040\000T\000e\000c\000t\000u\000m\000\040\000E\000y\000e\000\040\000C\000o\000n\000t\000r\000o\000l\000\040\000\050\000S\000t\000e\000p\000\040\0005\000\051}{section.6}% 18
\BOOKMARK [2][-]{subsection.6.3}{\376\377\000C\000l\000o\000s\000e\000d\000-\000L\000o\000o\000p\000\040\000L\000o\000c\000o\000m\000o\000t\000i\000o\000n\000\040\000\050\000S\000t\000e\000p\000\040\0007\000\051}{section.6}% 19
\BOOKMARK [1][-]{section.7}{\376\377\000L\000e\000a\000r\000n\000i\000n\000g}{}% 20
\BOOKMARK [2][-]{subsection.7.1}{\376\377\000G\000e\000n\000o\000m\000i\000c\000\040\000P\000r\000e\000-\000t\000r\000a\000i\000n\000i\000n\000g\000\040\000\050\000S\000t\000e\000p\000\040\0008\000\051}{section.7}% 21
\BOOKMARK [2][-]{subsection.7.2}{\376\377\000H\000e\000b\000b\000i\000a\000n\000\040\000F\000i\000n\000e\000-\000t\000u\000n\000i\000n\000g\000\040\000\050\000S\000t\000e\000p\000\040\0001\0000\000\051}{section.7}% 22
\BOOKMARK [2][-]{subsection.7.3}{\376\377\000O\000b\000j\000e\000c\000t\000\040\000C\000l\000a\000s\000s\000i\000f\000i\000c\000a\000t\000i\000o\000n\000\040\000\050\000S\000t\000e\000p\000\040\0001\0001\000\051}{section.7}% 23
\BOOKMARK [1][-]{section.8}{\376\377\000R\000e\000a\000c\000t\000i\000v\000e\000\040\000B\000e\000h\000a\000v\000i\000o\000r\000\040\000\050\000S\000t\000e\000p\000\040\0001\0002\000\051}{}% 24
\BOOKMARK [1][-]{section.9}{\376\377\000A\000c\000t\000i\000v\000e\000\040\000I\000n\000f\000e\000r\000e\000n\000c\000e\000\040\000P\000o\000l\000i\000c\000y\000\040\000S\000e\000l\000e\000c\000t\000i\000o\000n\000\040\000\050\000S\000t\000e\000p\000\040\0001\0003\000\051}{}% 25
\BOOKMARK [2][-]{subsection.9.1}{\376\377\000G\000o\000a\000l\000\040\000S\000p\000a\000c\000e}{section.9}% 26
\BOOKMARK [2][-]{subsection.9.2}{\376\377\000E\000x\000p\000e\000c\000t\000e\000d\000\040\000F\000r\000e\000e\000\040\000E\000n\000e\000r\000g\000y}{section.9}% 27
\BOOKMARK [2][-]{subsection.9.3}{\376\377\000P\000o\000l\000i\000c\000y\000\040\000P\000o\000s\000t\000e\000r\000i\000o\000r}{section.9}% 28
\BOOKMARK [2][-]{subsection.9.4}{\376\377\000P\000e\000r\000s\000i\000s\000t\000e\000n\000c\000e\000\040\000a\000n\000d\000\040\000E\000m\000e\000r\000g\000e\000n\000c\000y\000\040\000O\000v\000e\000r\000r\000i\000d\000e}{section.9}% 29
\BOOKMARK [2][-]{subsection.9.5}{\376\377\000C\000o\000n\000f\000i\000d\000e\000n\000c\000e\000\040\000\050\000M\000e\000t\000a\000-\000P\000r\000e\000c\000i\000s\000i\000o\000n\000\051}{section.9}% 30
\BOOKMARK [2][-]{subsection.9.6}{\376\377\000G\000o\000a\000l\000-\000t\000o\000-\000B\000e\000h\000a\000v\000i\000o\000r\000\040\000M\000a\000p\000p\000i\000n\000g}{section.9}% 31
\BOOKMARK [2][-]{subsection.9.7}{\376\377\000W\000o\000r\000k\000i\000n\000g\000\040\000M\000e\000m\000o\000r\000y}{section.9}% 32
\BOOKMARK [1][-]{section.10}{\376\377\000S\000i\000m\000u\000l\000a\000t\000i\000o\000n\000\040\000R\000e\000s\000u\000l\000t\000s}{}% 33
\BOOKMARK [2][-]{subsection.10.1}{\376\377\000S\000t\000e\000p\000\040\0001\000:\000\040\000V\000i\000s\000i\000o\000n\000\040\000P\000u\000r\000s\000u\000i\000t}{section.10}% 34
\BOOKMARK [2][-]{subsection.10.2}{\376\377\000S\000t\000e\000p\000\040\0002\000:\000\040\000P\000r\000e\000c\000i\000s\000i\000o\000n\000-\000A\000d\000a\000p\000t\000i\000v\000e\000\040\000V\000i\000s\000i\000o\000n}{section.10}% 35
\BOOKMARK [2][-]{subsection.10.3}{\376\377\000S\000t\000e\000p\000\040\0003\000:\000\040\000D\000o\000p\000a\000m\000i\000n\000e\000\040\000R\000P\000E}{section.10}% 36
\BOOKMARK [2][-]{subsection.10.4}{\376\377\000S\000t\000e\000p\000\040\0004\000:\000\040\000B\000a\000s\000a\000l\000\040\000G\000a\000n\000g\000l\000i\000a\000\040\000G\000a\000t\000i\000n\000g}{section.10}% 37
\BOOKMARK [2][-]{subsection.10.5}{\376\377\000S\000t\000e\000p\000\040\0005\000:\000\040\000O\000p\000t\000i\000c\000\040\000T\000e\000c\000t\000u\000m\000\040\000D\000y\000n\000a\000m\000i\000c\000s}{section.10}% 38
\BOOKMARK [2][-]{subsection.10.6}{\376\377\000S\000t\000e\000p\000\040\0006\000:\000\040\000F\000u\000l\000l\000\040\000V\000a\000l\000e\000n\000c\000e\000\040\000P\000u\000r\000s\000u\000i\000t\000\040\000w\000i\000t\000h\000\040\000C\000M\000S}{section.10}% 39
\BOOKMARK [2][-]{subsection.10.7}{\376\377\000S\000t\000e\000p\000\040\0007\000:\000\040\000C\000l\000o\000s\000e\000d\000-\000L\000o\000o\000p\000\040\000L\000o\000c\000o\000m\000o\000t\000i\000o\000n}{section.10}% 40
\BOOKMARK [2][-]{subsection.10.8}{\376\377\000S\000t\000e\000p\000\040\0008\000:\000\040\000G\000e\000n\000o\000m\000i\000c\000\040\000P\000r\000e\000-\000t\000r\000a\000i\000n\000i\000n\000g}{section.10}% 41
\BOOKMARK [2][-]{subsection.10.9}{\376\377\000S\000t\000e\000p\000\040\0009\000:\000\040\000G\000e\000n\000o\000m\000i\000c\000\040\000F\000o\000r\000a\000g\000i\000n\000g}{section.10}% 42
\BOOKMARK [2][-]{subsection.10.10}{\376\377\000S\000t\000e\000p\000\040\0001\0000\000:\000\040\000H\000e\000b\000b\000i\000a\000n\000\040\000F\000i\000n\000e\000-\000t\000u\000n\000i\000n\000g}{section.10}% 43
\BOOKMARK [2][-]{subsection.10.11}{\376\377\000S\000t\000e\000p\000\040\0001\0001\000:\000\040\000O\000b\000j\000e\000c\000t\000\040\000C\000l\000a\000s\000s\000i\000f\000i\000c\000a\000t\000i\000o\000n}{section.10}% 44
\BOOKMARK [2][-]{subsection.10.12}{\376\377\000S\000t\000e\000p\000\040\0001\0002\000:\000\040\000C\000l\000a\000s\000s\000i\000f\000i\000c\000a\000t\000i\000o\000n\000-\000G\000u\000i\000d\000e\000d\000\040\000B\000e\000h\000a\000v\000i\000o\000r}{section.10}% 45
\BOOKMARK [2][-]{subsection.10.13}{\376\377\000S\000t\000e\000p\000\040\0001\0003\000:\000\040\000A\000c\000t\000i\000v\000e\000\040\000I\000n\000f\000e\000r\000e\000n\000c\000e\000\040\000P\000o\000l\000i\000c\000y\000\040\000S\000e\000l\000e\000c\000t\000i\000o\000n}{section.10}% 46
\BOOKMARK [1][-]{section.11}{\376\377\000G\000y\000m\000n\000a\000s\000i\000u\000m\000\040\000I\000n\000t\000e\000g\000r\000a\000t\000i\000o\000n\000\040\000\050\000S\000t\000e\000p\000\040\0001\0004\000\051}{}% 47
\BOOKMARK [2][-]{subsection.11.1}{\376\377\000C\000o\000o\000r\000d\000i\000n\000a\000t\000e\000\040\000B\000r\000i\000d\000g\000e}{section.11}% 48
\BOOKMARK [2][-]{subsection.11.2}{\376\377\000E\000n\000e\000r\000g\000y\000\040\000H\000o\000m\000e\000o\000s\000t\000a\000s\000i\000s}{section.11}% 49
\BOOKMARK [2][-]{subsection.11.3}{\376\377\000D\000e\000p\000t\000h\000-\000S\000h\000a\000d\000e\000d\000\040\000V\000i\000s\000i\000o\000n}{section.11}% 50
\BOOKMARK [2][-]{subsection.11.4}{\376\377\000O\000b\000s\000t\000a\000c\000l\000e\000\040\000C\000o\000l\000l\000i\000s\000i\000o\000n\000\040\000P\000h\000y\000s\000i\000c\000s}{section.11}% 51
\BOOKMARK [2][-]{subsection.11.5}{\376\377\000H\000a\000b\000i\000t\000\040\000N\000e\000t\000w\000o\000r\000k}{section.11}% 52
\BOOKMARK [2][-]{subsection.11.6}{\376\377\000R\000e\000s\000u\000l\000t\000s}{section.11}% 53
\BOOKMARK [1][-]{section.12}{\376\377\000R\000e\000i\000n\000f\000o\000r\000c\000e\000m\000e\000n\000t\000\040\000L\000e\000a\000r\000n\000i\000n\000g\000\040\000C\000r\000i\000t\000i\000c\000\040\000\050\000S\000t\000e\000p\000\040\0001\0005\000\051}{}% 54
\BOOKMARK [2][-]{subsection.12.1}{\376\377\000C\000r\000i\000t\000i\000c\000\040\000A\000r\000c\000h\000i\000t\000e\000c\000t\000u\000r\000e}{section.12}% 55
\BOOKMARK [2][-]{subsection.12.2}{\376\377\000T\000D\000\040\000L\000e\000a\000r\000n\000i\000n\000g}{section.12}% 56
\BOOKMARK [2][-]{subsection.12.3}{\376\377\000E\000F\000E\000\040\000W\000e\000i\000g\000h\000t\000\040\000A\000d\000a\000p\000t\000a\000t\000i\000o\000n}{section.12}% 57
\BOOKMARK [1][-]{section.13}{\376\377\000V\000A\000E\000\040\000W\000o\000r\000l\000d\000\040\000M\000o\000d\000e\000l\000\040\000\050\000S\000t\000e\000p\000\040\0001\0006\000\051}{}% 58
\BOOKMARK [2][-]{subsection.13.1}{\376\377\000M\000u\000l\000t\000i\000-\000M\000o\000d\000a\000l\000\040\000B\000e\000l\000i\000e\000f\000\040\000S\000t\000a\000t\000e}{section.13}% 59
\BOOKMARK [2][-]{subsection.13.2}{\376\377\000V\000A\000E\000\040\000A\000r\000c\000h\000i\000t\000e\000c\000t\000u\000r\000e}{section.13}% 60
\BOOKMARK [2][-]{subsection.13.3}{\376\377\000T\000r\000a\000n\000s\000i\000t\000i\000o\000n\000\040\000M\000o\000d\000e\000l\000\040\000a\000s\000\040\000S\000t\000a\000t\000e\000-\000S\000p\000a\000c\000e\000\040\000D\000y\000n\000a\000m\000i\000c\000s}{section.13}% 61
\BOOKMARK [2][-]{subsection.13.4}{\376\377\000A\000s\000s\000o\000c\000i\000a\000t\000i\000v\000e\000\040\000M\000e\000m\000o\000r\000y}{section.13}% 62
\BOOKMARK [2][-]{subsection.13.5}{\376\377\000P\000l\000a\000n\000n\000i\000n\000g\000\040\000v\000i\000a\000\040\000F\000o\000r\000w\000a\000r\000d\000\040\000S\000i\000m\000u\000l\000a\000t\000i\000o\000n}{section.13}% 63
\BOOKMARK [1][-]{section.14}{\376\377\000H\000i\000p\000p\000o\000c\000a\000m\000p\000a\000l\000\040\000P\000l\000a\000c\000e\000\040\000C\000e\000l\000l\000s\000\040\000\050\000S\000t\000e\000p\000\040\0001\0007\000\051}{}% 64
\BOOKMARK [2][-]{subsection.14.1}{\376\377\000P\000l\000a\000c\000e\000\040\000C\000e\000l\000l\000\040\000N\000e\000t\000w\000o\000r\000k}{section.14}% 65
\BOOKMARK [2][-]{subsection.14.2}{\376\377\000P\000a\000t\000h\000\040\000I\000n\000t\000e\000g\000r\000a\000t\000i\000o\000n}{section.14}% 66
\BOOKMARK [2][-]{subsection.14.3}{\376\377\000R\000e\000p\000l\000a\000y\000\040\000\050\000S\000h\000a\000r\000p\000-\000W\000a\000v\000e\000\040\000R\000i\000p\000p\000l\000e\000\040\000A\000n\000a\000l\000o\000g\000\051}{section.14}% 67
\BOOKMARK [2][-]{subsection.14.4}{\376\377\000S\000p\000a\000t\000i\000a\000l\000\040\000P\000l\000a\000n\000n\000i\000n\000g}{section.14}% 68
\BOOKMARK [1][-]{section.15}{\376\377\000A\000l\000l\000o\000s\000t\000a\000t\000i\000c\000\040\000I\000n\000t\000e\000r\000o\000c\000e\000p\000t\000i\000o\000n\000\040\000\050\000S\000t\000e\000p\000\040\0001\0008\000\051}{}% 69
\BOOKMARK [2][-]{subsection.15.1}{\376\377\000A\000l\000l\000o\000s\000t\000a\000t\000i\000c\000\040\000V\000a\000r\000i\000a\000b\000l\000e\000s}{section.15}% 70
\BOOKMARK [2][-]{subsection.15.2}{\376\377\000I\000n\000t\000e\000r\000o\000c\000e\000p\000t\000i\000v\000e\000\040\000P\000r\000e\000d\000i\000c\000t\000i\000o\000n\000\040\000E\000r\000r\000o\000r}{section.15}% 71
\BOOKMARK [2][-]{subsection.15.3}{\376\377\000P\000r\000i\000o\000r\000\040\000P\000r\000e\000f\000e\000r\000e\000n\000c\000e\000\040\000M\000o\000d\000u\000l\000a\000t\000i\000o\000n}{section.15}% 72
\BOOKMARK [2][-]{subsection.15.4}{\376\377\000F\000a\000t\000i\000g\000u\000e\000\040\000S\000p\000e\000e\000d\000\040\000C\000a\000p}{section.15}% 73
\BOOKMARK [2][-]{subsection.15.5}{\376\377\000S\000t\000a\000t\000e\000\040\000C\000o\000n\000t\000e\000x\000t\000\040\000E\000x\000t\000e\000n\000s\000i\000o\000n}{section.15}% 74
\BOOKMARK [1][-]{section.16}{\376\377\000F\000u\000l\000l\000\040\000E\000v\000a\000l\000u\000a\000t\000i\000o\000n\000\040\000S\000u\000i\000t\000e\000\040\000\050\000S\000t\000e\000p\000\040\0001\0009\000\051}{}% 75
\BOOKMARK [2][-]{subsection.16.1}{\376\377\000C\000o\000n\000f\000i\000g\000u\000r\000a\000t\000i\000o\000n\000s}{section.16}% 76
\BOOKMARK [2][-]{subsection.16.2}{\376\377\000R\000e\000s\000u\000l\000t\000s}{section.16}% 77
\BOOKMARK [1][-]{section.17}{\376\377\000A\000m\000y\000g\000d\000a\000l\000a\000\040\000F\000e\000a\000r\000\040\000C\000i\000r\000c\000u\000i\000t\000\040\000a\000n\000d\000\040\000E\000n\000e\000r\000g\000y\000\040\000A\000s\000y\000m\000m\000e\000t\000r\000y\000\040\000\050\000S\000t\000e\000p\000\040\0002\0000\000\051}{}% 78
\BOOKMARK [2][-]{subsection.17.1}{\376\377\000A\000m\000y\000g\000d\000a\000l\000a\000\040\000M\000o\000d\000u\000l\000e}{section.17}% 79
\BOOKMARK [2][-]{subsection.17.2}{\376\377\000F\000l\000e\000e\000\040\000E\000n\000e\000r\000g\000y\000\040\000C\000o\000s\000t\000\040\000A\000s\000y\000m\000m\000e\000t\000r\000y}{section.17}% 80
\BOOKMARK [2][-]{subsection.17.3}{\376\377\000N\000o\000n\000l\000i\000n\000e\000a\000r\000\040\000H\000u\000n\000g\000e\000r\000\040\000A\000m\000p\000l\000i\000f\000i\000c\000a\000t\000i\000o\000n}{section.17}% 81
\BOOKMARK [1][-]{section.18}{\376\377\000F\000o\000o\000d\000\040\000P\000r\000o\000s\000p\000e\000c\000t\000i\000o\000n\000\040\000a\000n\000d\000\040\000O\000b\000s\000t\000a\000c\000l\000e\000\040\000N\000a\000v\000i\000g\000a\000t\000i\000o\000n\000\040\000\050\000S\000t\000e\000p\000\040\0002\0001\000\051}{}% 82
\BOOKMARK [2][-]{subsection.18.1}{\376\377\000F\000o\000o\000d\000\040\000P\000r\000o\000s\000p\000e\000c\000t\000\040\000E\000v\000a\000l\000u\000a\000t\000i\000o\000n}{section.18}% 83
\BOOKMARK [2][-]{subsection.18.2}{\376\377\000R\000e\000t\000i\000n\000a\000l\000\040\000O\000b\000s\000t\000a\000c\000l\000e\000\040\000N\000a\000v\000i\000g\000a\000t\000i\000o\000n}{section.18}% 84
\BOOKMARK [2][-]{subsection.18.3}{\376\377\000R\000o\000c\000k\000\040\000F\000o\000r\000m\000a\000t\000i\000o\000n\000\040\000E\000n\000v\000i\000r\000o\000n\000m\000e\000n\000t}{section.18}% 85
\BOOKMARK [1][-]{section.19}{\376\377\000C\000u\000r\000r\000i\000c\000u\000l\000u\000m\000\040\000R\000L\000\040\000T\000r\000a\000i\000n\000i\000n\000g\000\040\000\050\000S\000t\000e\000p\000\040\0002\0002\000\051}{}% 86
\BOOKMARK [1][-]{section.20}{\376\377\000S\000l\000e\000e\000p\040\023\000W\000a\000k\000e\000\040\000C\000o\000n\000s\000o\000l\000i\000d\000a\000t\000i\000o\000n\000\040\000\050\000S\000t\000e\000p\000\040\0002\0003\000\051}{}% 87
\BOOKMARK [1][-]{section.21}{\376\377\000A\000c\000t\000i\000v\000e\000\040\000I\000n\000f\000e\000r\000e\000n\000c\000e\000\040\000T\000h\000r\000o\000u\000g\000h\000\040\000G\000e\000n\000e\000r\000a\000t\000i\000v\000e\000\040\000M\000o\000d\000e\000l\000s\000\040\000\050\000S\000t\000e\000p\000\040\0002\0004\000\051}{}% 88
\BOOKMARK [2][-]{subsection.21.1}{\376\377\000R\000e\000t\000i\000n\000a\000l\000\040\000F\000e\000a\000t\000u\000r\000e\000\040\000E\000x\000t\000r\000a\000c\000t\000o\000r}{section.21}% 89
\BOOKMARK [2][-]{subsection.21.2}{\376\377\000V\000A\000E\000\040\000T\000h\000r\000e\000a\000t\000\040\000D\000e\000c\000o\000d\000e\000r}{section.21}% 90
\BOOKMARK [2][-]{subsection.21.3}{\376\377\000T\000h\000r\000e\000a\000t\000\040\000A\000s\000s\000e\000s\000s\000m\000e\000n\000t\000\040\000f\000r\000o\000m\000\040\000B\000e\000l\000i\000e\000f}{section.21}% 91
\BOOKMARK [2][-]{subsection.21.4}{\376\377\000I\000n\000t\000e\000r\000o\000c\000e\000p\000t\000i\000v\000e\000\040\000E\000n\000e\000r\000g\000y\000\040\000M\000o\000d\000e\000l}{section.21}% 92
\BOOKMARK [2][-]{subsection.21.5}{\376\377\000P\000o\000s\000i\000t\000i\000o\000n\000\040\000f\000r\000o\000m\000\040\000P\000a\000t\000h\000\040\000I\000n\000t\000e\000g\000r\000a\000t\000i\000o\000n\000\040\000w\000i\000t\000h\000\040\000B\000o\000u\000n\000d\000a\000r\000y\000\040\000C\000o\000r\000r\000e\000c\000t\000i\000o\000n}{section.21}% 93
\BOOKMARK [2][-]{subsection.21.6}{\376\377\000S\000t\000a\000t\000e\000\040\000C\000o\000n\000t\000e\000x\000t\000\040\000a\000n\000d\000\040\000M\000e\000m\000o\000r\000y\000\040\000U\000p\000d\000a\000t\000e\000s}{section.21}% 94
\BOOKMARK [2][-]{subsection.21.7}{\376\377\000B\000a\000c\000k\000w\000a\000r\000d\000\040\000C\000o\000m\000p\000a\000t\000i\000b\000i\000l\000i\000t\000y}{section.21}% 95
\BOOKMARK [2][-]{subsection.21.8}{\376\377\000V\000e\000r\000i\000f\000i\000c\000a\000t\000i\000o\000n}{section.21}% 96
\BOOKMARK [1][-]{section.22}{\376\377\000P\000r\000e\000d\000i\000c\000t\000i\000v\000e\000\040\000C\000o\000d\000i\000n\000g\000\040\000w\000i\000t\000h\000\040\000S\000e\000l\000e\000c\000t\000i\000v\000e\000\040\000A\000t\000t\000e\000n\000t\000i\000o\000n\000\040\000\050\000S\000t\000e\000p\000\040\0002\0005\000\051}{}% 97
\BOOKMARK [2][-]{subsection.22.1}{\376\377\000T\000w\000o\000-\000C\000o\000m\000p\000a\000r\000t\000m\000e\000n\000t\000\040\000P\000r\000e\000d\000i\000c\000t\000i\000v\000e\000\040\000N\000e\000u\000r\000o\000n}{section.22}% 98
\BOOKMARK [2][-]{subsection.22.2}{\376\377\000G\000o\000a\000l\000-\000D\000r\000i\000v\000e\000n\000\040\000A\000t\000t\000e\000n\000t\000i\000o\000n\000\040\000M\000o\000d\000u\000l\000a\000t\000o\000r}{section.22}% 99
\BOOKMARK [2][-]{subsection.22.3}{\376\377\000H\000o\000m\000e\000o\000s\000t\000a\000t\000i\000c\000\040\000G\000a\000i\000n\000\040\000C\000o\000n\000t\000r\000o\000l}{section.22}% 100
\BOOKMARK [2][-]{subsection.22.4}{\376\377\000P\000E\000-\000D\000r\000i\000v\000e\000n\000\040\000F\000e\000e\000d\000b\000a\000c\000k\000\040\000L\000e\000a\000r\000n\000i\000n\000g}{section.22}% 101
\BOOKMARK [2][-]{subsection.22.5}{\376\377\000A\000t\000t\000e\000n\000t\000i\000o\000n\000\040\000W\000e\000i\000g\000h\000t\000\040\000L\000e\000a\000r\000n\000i\000n\000g}{section.22}% 102
\BOOKMARK [2][-]{subsection.22.6}{\376\377\000P\000a\000r\000a\000m\000e\000t\000e\000r\000\040\000S\000u\000m\000m\000a\000r\000y}{section.22}% 103
\BOOKMARK [2][-]{subsection.22.7}{\376\377\000V\000e\000r\000i\000f\000i\000c\000a\000t\000i\000o\000n}{section.22}% 104
\BOOKMARK [1][-]{section.23}{\376\377\000O\000n\000l\000i\000n\000e\000\040\000F\000e\000e\000d\000b\000a\000c\000k\000\040\000W\000e\000i\000g\000h\000t\000\040\000T\000r\000a\000i\000n\000i\000n\000g\000\040\000\050\000S\000t\000e\000p\000\040\0002\0006\000\051}{}% 105
\BOOKMARK [2][-]{subsection.23.1}{\376\377\000E\000n\000h\000a\000n\000c\000e\000d\000\040\000C\000l\000a\000s\000s\000i\000f\000i\000e\000r}{section.23}% 106
\BOOKMARK [2][-]{subsection.23.2}{\376\377\000B\000a\000y\000e\000s\000i\000a\000n\000\040\000S\000u\000r\000v\000i\000v\000a\000l\000\040\000T\000r\000a\000d\000e\000-\000o\000f\000f}{section.23}% 107
\BOOKMARK [2][-]{subsection.23.3}{\376\377\000L\000a\000y\000e\000r\000-\000W\000i\000s\000e\000\040\000O\000n\000l\000i\000n\000e\000\040\000W\000F\000B\000\040\000T\000r\000a\000i\000n\000i\000n\000g}{section.23}% 108
\BOOKMARK [2][-]{subsection.23.4}{\376\377\000V\000e\000r\000i\000f\000i\000c\000a\000t\000i\000o\000n}{section.23}% 109
\BOOKMARK [1][-]{section.24}{\376\377\000S\000u\000m\000m\000a\000r\000y\000\040\000o\000f\000\040\000A\000r\000c\000h\000i\000t\000e\000c\000t\000u\000r\000e}{}% 110
\BOOKMARK [2][-]{subsection.24.1}{\376\377\000C\000o\000m\000p\000u\000t\000a\000t\000i\000o\000n\000a\000l\000\040\000F\000r\000a\000m\000e\000w\000o\000r\000k\000\040\000M\000a\000p\000p\000i\000n\000g}{section.24}% 111
\BOOKMARK [1][-]{section.25}{\376\377\000D\000i\000s\000c\000u\000s\000s\000i\000o\000n}{}% 112
\BOOKMARK [1][-]{section.26}{\376\377\000C\000o\000d\000e\000\040\000A\000v\000a\000i\000l\000a\000b\000i\000l\000i\000t\000y}{}% 113
